<?xml version="1.0" encoding="UTF-8"?>
<testsuite name="ohtu.verkkokauppa.KauppaTest" tests="5" skipped="0" failures="0" errors="0" timestamp="2021-04-12T12:26:08" hostname="lx0-fuxi266" time="0.338">
  <properties/>
  <testcase name="ostoksenPaatyttyaPankinMetodiaTilisiirtoKutsutaanOikeallaAsiakkaallaTilinumerollaJaSummalla" classname="ohtu.verkkokauppa.KauppaTest" time="0.329"/>
  <testcase name="ostoksenPaaytyttyaPankinMetodiaTilisiirtoKutsutaan" classname="ohtu.verkkokauppa.KauppaTest" time="0.002"/>
  <testcase name="kahdenTuotteenOstoksenPaatyttyaPankinMetodiaTilisiirtoKutsutaanOikeallaAsiakkaallaTilinumerollaJaSummalla" classname="ohtu.verkkokauppa.KauppaTest" time="0.003"/>
  <testcase name="tuotteenJotaOnJaTuotteenJotaEiOleOstoksenPaatyttyaPankinMetodiaTilisiirtoKutsutaanOikeallaAsiakkaallaTilinumerollaJaSummalla" classname="ohtu.verkkokauppa.KauppaTest" time="0.002"/>
  <testcase name="kahdenSamanTuotteenOstoksenPaatyttyaPankinMetodiaTilisiirtoKutsutaanOikeallaAsiakkaallaTilinumerollaJaSummalla" classname="ohtu.verkkokauppa.KauppaTest" time="0.002"/>
  <system-out><![CDATA[]]></system-out>
  <system-err><![CDATA[]]></system-err>
</testsuite>
