<?xml version="1.0" encoding="UTF-8"?>
<testsuite name="ohtu.verkkokauppa.KauppaTest" tests="8" skipped="0" failures="0" errors="0" timestamp="2021-04-17T08:21:59" hostname="lx0-fuxi266" time="0.649">
  <properties/>
  <testcase name="pyydetaanUusiViiteJokaiseenMaksuun" classname="ohtu.verkkokauppa.KauppaTest" time="0.625"/>
  <testcase name="ostoksenPaatyttyaPankinMetodiaTilisiirtoKutsutaanOikeallaAsiakkaallaTilinumerollaJaSummalla" classname="ohtu.verkkokauppa.KauppaTest" time="0.012"/>
  <testcase name="ostoksenPaaytyttyaPankinMetodiaTilisiirtoKutsutaan" classname="ohtu.verkkokauppa.KauppaTest" time="0.001"/>
  <testcase name="metodinAloitaAsiointiKutsuminenNollaaEdellisenOstoksenTiedot" classname="ohtu.verkkokauppa.KauppaTest" time="0.002"/>
  <testcase name="poistaKoristaMetodiPalauttaaTuotteenVarastoon" classname="ohtu.verkkokauppa.KauppaTest" time="0.003"/>
  <testcase name="kahdenTuotteenOstoksenPaatyttyaPankinMetodiaTilisiirtoKutsutaanOikeallaAsiakkaallaTilinumerollaJaSummalla" classname="ohtu.verkkokauppa.KauppaTest" time="0.002"/>
  <testcase name="tuotteenJotaOnJaTuotteenJotaEiOleOstoksenPaatyttyaPankinMetodiaTilisiirtoKutsutaanOikeallaAsiakkaallaTilinumerollaJaSummalla" classname="ohtu.verkkokauppa.KauppaTest" time="0.002"/>
  <testcase name="kahdenSamanTuotteenOstoksenPaatyttyaPankinMetodiaTilisiirtoKutsutaanOikeallaAsiakkaallaTilinumerollaJaSummalla" classname="ohtu.verkkokauppa.KauppaTest" time="0.002"/>
  <system-out><![CDATA[]]></system-out>
  <system-err><![CDATA[]]></system-err>
</testsuite>
